2024-01-12T00:16:47.709+07:00  INFO 29756 --- [main] com.store.shoppy.ShoppyApplication       : Starting ShoppyApplication using Java 21.0.1 with PID 29756 (L:\Document4Study\Cybersoft\GroceryStore\Grocery-Store_WebApp\target\classes started by ADMIN in L:\Document4Study\Cybersoft\GroceryStore\Grocery-Store_WebApp)
2024-01-12T00:16:47.715+07:00  INFO 29756 --- [main] com.store.shoppy.ShoppyApplication       : No active profile set, falling back to 1 default profile: "default"
2024-01-12T00:16:48.188+07:00  INFO 29756 --- [main] .s.d.r.c.RepositoryConfigurationDelegate : Bootstrapping Spring Data JPA repositories in DEFAULT mode.
2024-01-12T00:16:48.236+07:00  INFO 29756 --- [main] .s.d.r.c.RepositoryConfigurationDelegate : Finished Spring Data repository scanning in 43 ms. Found 1 JPA repository interface.
2024-01-12T00:16:48.584+07:00  INFO 29756 --- [main] o.s.b.w.embedded.tomcat.TomcatWebServer  : Tomcat initialized with port 9092 (http)
2024-01-12T00:16:48.594+07:00  INFO 29756 --- [main] o.apache.catalina.core.StandardService   : Starting service [Tomcat]
2024-01-12T00:16:48.595+07:00  INFO 29756 --- [main] o.apache.catalina.core.StandardEngine    : Starting Servlet engine: [Apache Tomcat/10.1.17]
2024-01-12T00:16:48.633+07:00  INFO 29756 --- [main] o.a.c.c.C.[Tomcat].[localhost].[/]       : Initializing Spring embedded WebApplicationContext
2024-01-12T00:16:48.633+07:00  INFO 29756 --- [main] w.s.c.ServletWebServerApplicationContext : Root WebApplicationContext: initialization completed in 891 ms
2024-01-12T00:16:48.773+07:00  INFO 29756 --- [main] o.hibernate.jpa.internal.util.LogHelper  : HHH000204: Processing PersistenceUnitInfo [name: default]
2024-01-12T00:16:48.820+07:00  INFO 29756 --- [main] org.hibernate.Version                    : HHH000412: Hibernate ORM core version 6.4.1.Final
2024-01-12T00:16:48.868+07:00  INFO 29756 --- [main] o.h.c.internal.RegionFactoryInitiator    : HHH000026: Second-level cache disabled
2024-01-12T00:16:49.126+07:00  INFO 29756 --- [main] o.s.o.j.p.SpringPersistenceUnitInfo      : No LoadTimeWeaver setup: ignoring JPA class transformer
2024-01-12T00:16:49.149+07:00  INFO 29756 --- [main] com.zaxxer.hikari.HikariDataSource       : HikariPool-1 - Starting...
2024-01-12T00:16:49.533+07:00  INFO 29756 --- [main] com.zaxxer.hikari.pool.HikariPool        : HikariPool-1 - Added connection com.mysql.cj.jdbc.ConnectionImpl@e72fb04
2024-01-12T00:16:49.535+07:00  INFO 29756 --- [main] com.zaxxer.hikari.HikariDataSource       : HikariPool-1 - Start completed.
2024-01-12T00:16:49.574+07:00  WARN 29756 --- [main] org.hibernate.orm.deprecation            : HHH90000025: MySQL8Dialect does not need to be specified explicitly using 'hibernate.dialect' (remove the property setting and it will be selected by default)
2024-01-12T00:16:49.575+07:00  WARN 29756 --- [main] org.hibernate.orm.deprecation            : HHH90000026: MySQL8Dialect has been deprecated; use org.hibernate.dialect.MySQLDialect instead
2024-01-12T00:16:50.425+07:00  INFO 29756 --- [main] o.h.e.t.j.p.i.JtaPlatformInitiator       : HHH000489: No JTA platform available (set 'hibernate.transaction.jta.platform' to enable JTA platform integration)
2024-01-12T00:16:50.428+07:00  INFO 29756 --- [main] j.LocalContainerEntityManagerFactoryBean : Initialized JPA EntityManagerFactory for persistence unit 'default'
2024-01-12T00:16:50.761+07:00  WARN 29756 --- [main] JpaBaseConfiguration$JpaWebConfiguration : spring.jpa.open-in-view is enabled by default. Therefore, database queries may be performed during view rendering. Explicitly configure spring.jpa.open-in-view to disable this warning
2024-01-12T00:16:50.958+07:00  INFO 29756 --- [main] o.s.s.web.DefaultSecurityFilterChain     : Will secure any request with [org.springframework.security.web.session.DisableEncodeUrlFilter@7bb888b7, org.springframework.security.web.context.request.async.WebAsyncManagerIntegrationFilter@5825932c, org.springframework.security.web.context.SecurityContextHolderFilter@7da40bf4, org.springframework.security.web.header.HeaderWriterFilter@2f650dae, org.springframework.security.web.authentication.logout.LogoutFilter@140fa482, org.springframework.security.web.savedrequest.RequestCacheAwareFilter@c651286, org.springframework.security.web.servletapi.SecurityContextHolderAwareRequestFilter@40304938, org.springframework.security.web.authentication.AnonymousAuthenticationFilter@277dddcf, org.springframework.security.web.session.SessionManagementFilter@5101b9, org.springframework.security.web.access.ExceptionTranslationFilter@3c6e407, org.springframework.security.web.access.intercept.AuthorizationFilter@63e81ac6]
2024-01-12T00:16:51.128+07:00  INFO 29756 --- [main] o.s.b.w.embedded.tomcat.TomcatWebServer  : Tomcat started on port 9092 (http) with context path ''
2024-01-12T00:16:51.133+07:00  INFO 29756 --- [main] com.store.shoppy.ShoppyApplication       : Started ShoppyApplication in 3.721 seconds (process running for 4.295)
2024-01-12T00:18:17.175+07:00  INFO 29756 --- [SpringApplicationShutdownHook] j.LocalContainerEntityManagerFactoryBean : Closing JPA EntityManagerFactory for persistence unit 'default'
2024-01-12T00:18:17.176+07:00  INFO 29756 --- [SpringApplicationShutdownHook] com.zaxxer.hikari.HikariDataSource       : HikariPool-1 - Shutdown initiated...
2024-01-12T00:18:17.191+07:00  INFO 29756 --- [SpringApplicationShutdownHook] com.zaxxer.hikari.HikariDataSource       : HikariPool-1 - Shutdown completed.
2024-01-12T00:18:20.846+07:00  INFO 32136 --- [main] com.store.shoppy.ShoppyApplication       : Starting ShoppyApplication using Java 21.0.1 with PID 32136 (L:\Document4Study\Cybersoft\GroceryStore\Grocery-Store_WebApp\target\classes started by ADMIN in L:\Document4Study\Cybersoft\GroceryStore\Grocery-Store_WebApp)
2024-01-12T00:18:20.848+07:00  INFO 32136 --- [main] com.store.shoppy.ShoppyApplication       : No active profile set, falling back to 1 default profile: "default"
2024-01-12T00:18:21.258+07:00  INFO 32136 --- [main] .s.d.r.c.RepositoryConfigurationDelegate : Bootstrapping Spring Data JPA repositories in DEFAULT mode.
2024-01-12T00:18:21.292+07:00  INFO 32136 --- [main] .s.d.r.c.RepositoryConfigurationDelegate : Finished Spring Data repository scanning in 30 ms. Found 1 JPA repository interface.
2024-01-12T00:18:21.605+07:00  INFO 32136 --- [main] o.s.b.w.embedded.tomcat.TomcatWebServer  : Tomcat initialized with port 9092 (http)
2024-01-12T00:18:21.613+07:00  INFO 32136 --- [main] o.apache.catalina.core.StandardService   : Starting service [Tomcat]
2024-01-12T00:18:21.613+07:00  INFO 32136 --- [main] o.apache.catalina.core.StandardEngine    : Starting Servlet engine: [Apache Tomcat/10.1.17]
2024-01-12T00:18:21.654+07:00  INFO 32136 --- [main] o.a.c.c.C.[Tomcat].[localhost].[/]       : Initializing Spring embedded WebApplicationContext
2024-01-12T00:18:21.654+07:00  INFO 32136 --- [main] w.s.c.ServletWebServerApplicationContext : Root WebApplicationContext: initialization completed in 780 ms
2024-01-12T00:18:21.787+07:00  INFO 32136 --- [main] o.hibernate.jpa.internal.util.LogHelper  : HHH000204: Processing PersistenceUnitInfo [name: default]
2024-01-12T00:18:21.831+07:00  INFO 32136 --- [main] org.hibernate.Version                    : HHH000412: Hibernate ORM core version 6.4.1.Final
2024-01-12T00:18:21.857+07:00  INFO 32136 --- [main] o.h.c.internal.RegionFactoryInitiator    : HHH000026: Second-level cache disabled
2024-01-12T00:18:22.021+07:00  INFO 32136 --- [main] o.s.o.j.p.SpringPersistenceUnitInfo      : No LoadTimeWeaver setup: ignoring JPA class transformer
2024-01-12T00:18:22.042+07:00  INFO 32136 --- [main] com.zaxxer.hikari.HikariDataSource       : HikariPool-1 - Starting...
2024-01-12T00:18:22.306+07:00  INFO 32136 --- [main] com.zaxxer.hikari.pool.HikariPool        : HikariPool-1 - Added connection com.mysql.cj.jdbc.ConnectionImpl@f48a080
2024-01-12T00:18:22.307+07:00  INFO 32136 --- [main] com.zaxxer.hikari.HikariDataSource       : HikariPool-1 - Start completed.
2024-01-12T00:18:22.349+07:00  WARN 32136 --- [main] org.hibernate.orm.deprecation            : HHH90000025: MySQL8Dialect does not need to be specified explicitly using 'hibernate.dialect' (remove the property setting and it will be selected by default)
2024-01-12T00:18:22.349+07:00  WARN 32136 --- [main] org.hibernate.orm.deprecation            : HHH90000026: MySQL8Dialect has been deprecated; use org.hibernate.dialect.MySQLDialect instead
2024-01-12T00:18:23.045+07:00  INFO 32136 --- [main] o.h.e.t.j.p.i.JtaPlatformInitiator       : HHH000489: No JTA platform available (set 'hibernate.transaction.jta.platform' to enable JTA platform integration)
2024-01-12T00:18:23.047+07:00  INFO 32136 --- [main] j.LocalContainerEntityManagerFactoryBean : Initialized JPA EntityManagerFactory for persistence unit 'default'
2024-01-12T00:18:23.271+07:00  WARN 32136 --- [main] JpaBaseConfiguration$JpaWebConfiguration : spring.jpa.open-in-view is enabled by default. Therefore, database queries may be performed during view rendering. Explicitly configure spring.jpa.open-in-view to disable this warning
2024-01-12T00:18:23.441+07:00  INFO 32136 --- [main] o.s.s.web.DefaultSecurityFilterChain     : Will secure any request with [org.springframework.security.web.session.DisableEncodeUrlFilter@3031d9e9, org.springframework.security.web.context.request.async.WebAsyncManagerIntegrationFilter@1415f18d, org.springframework.security.web.context.SecurityContextHolderFilter@6195ce27, org.springframework.security.web.header.HeaderWriterFilter@235d46b2, org.springframework.security.web.authentication.logout.LogoutFilter@2f650dae, org.springframework.security.web.savedrequest.RequestCacheAwareFilter@2040732f, org.springframework.security.web.servletapi.SecurityContextHolderAwareRequestFilter@373fb666, org.springframework.security.web.authentication.AnonymousAuthenticationFilter@61c42e54, org.springframework.security.web.session.SessionManagementFilter@c0a8787, org.springframework.security.web.access.ExceptionTranslationFilter@4c7b4a31, org.springframework.security.web.access.intercept.AuthorizationFilter@32f2de5c]
2024-01-12T00:18:23.586+07:00  INFO 32136 --- [main] o.s.b.w.embedded.tomcat.TomcatWebServer  : Tomcat started on port 9092 (http) with context path ''
2024-01-12T00:18:23.592+07:00  INFO 32136 --- [main] com.store.shoppy.ShoppyApplication       : Started ShoppyApplication in 3.039 seconds (process running for 3.498)
2024-01-12T00:18:57.623+07:00  INFO 32136 --- [SpringApplicationShutdownHook] j.LocalContainerEntityManagerFactoryBean : Closing JPA EntityManagerFactory for persistence unit 'default'
2024-01-12T00:18:57.624+07:00  INFO 32136 --- [SpringApplicationShutdownHook] com.zaxxer.hikari.HikariDataSource       : HikariPool-1 - Shutdown initiated...
2024-01-12T00:18:57.635+07:00  INFO 32136 --- [SpringApplicationShutdownHook] com.zaxxer.hikari.HikariDataSource       : HikariPool-1 - Shutdown completed.
2024-01-12T00:19:00.238+07:00  INFO 15288 --- [main] com.store.shoppy.ShoppyApplication       : Starting ShoppyApplication using Java 21.0.1 with PID 15288 (L:\Document4Study\Cybersoft\GroceryStore\Grocery-Store_WebApp\target\classes started by ADMIN in L:\Document4Study\Cybersoft\GroceryStore\Grocery-Store_WebApp)
2024-01-12T00:19:00.239+07:00  INFO 15288 --- [main] com.store.shoppy.ShoppyApplication       : No active profile set, falling back to 1 default profile: "default"
2024-01-12T00:19:00.686+07:00  INFO 15288 --- [main] .s.d.r.c.RepositoryConfigurationDelegate : Bootstrapping Spring Data JPA repositories in DEFAULT mode.
2024-01-12T00:19:00.724+07:00  INFO 15288 --- [main] .s.d.r.c.RepositoryConfigurationDelegate : Finished Spring Data repository scanning in 32 ms. Found 1 JPA repository interface.
2024-01-12T00:19:01.046+07:00  INFO 15288 --- [main] o.s.b.w.embedded.tomcat.TomcatWebServer  : Tomcat initialized with port 9092 (http)
2024-01-12T00:19:01.055+07:00  INFO 15288 --- [main] o.apache.catalina.core.StandardService   : Starting service [Tomcat]
2024-01-12T00:19:01.055+07:00  INFO 15288 --- [main] o.apache.catalina.core.StandardEngine    : Starting Servlet engine: [Apache Tomcat/10.1.17]
2024-01-12T00:19:01.088+07:00  INFO 15288 --- [main] o.a.c.c.C.[Tomcat].[localhost].[/]       : Initializing Spring embedded WebApplicationContext
2024-01-12T00:19:01.088+07:00  INFO 15288 --- [main] w.s.c.ServletWebServerApplicationContext : Root WebApplicationContext: initialization completed in 823 ms
2024-01-12T00:19:01.201+07:00  INFO 15288 --- [main] o.hibernate.jpa.internal.util.LogHelper  : HHH000204: Processing PersistenceUnitInfo [name: default]
2024-01-12T00:19:01.232+07:00  INFO 15288 --- [main] org.hibernate.Version                    : HHH000412: Hibernate ORM core version 6.4.1.Final
2024-01-12T00:19:01.250+07:00  INFO 15288 --- [main] o.h.c.internal.RegionFactoryInitiator    : HHH000026: Second-level cache disabled
2024-01-12T00:19:01.388+07:00  INFO 15288 --- [main] o.s.o.j.p.SpringPersistenceUnitInfo      : No LoadTimeWeaver setup: ignoring JPA class transformer
2024-01-12T00:19:01.404+07:00  INFO 15288 --- [main] com.zaxxer.hikari.HikariDataSource       : HikariPool-1 - Starting...
2024-01-12T00:19:01.620+07:00  INFO 15288 --- [main] com.zaxxer.hikari.pool.HikariPool        : HikariPool-1 - Added connection com.mysql.cj.jdbc.ConnectionImpl@794cb26b
2024-01-12T00:19:01.621+07:00  INFO 15288 --- [main] com.zaxxer.hikari.HikariDataSource       : HikariPool-1 - Start completed.
2024-01-12T00:19:01.649+07:00  WARN 15288 --- [main] org.hibernate.orm.deprecation            : HHH90000025: MySQL8Dialect does not need to be specified explicitly using 'hibernate.dialect' (remove the property setting and it will be selected by default)
2024-01-12T00:19:01.650+07:00  WARN 15288 --- [main] org.hibernate.orm.deprecation            : HHH90000026: MySQL8Dialect has been deprecated; use org.hibernate.dialect.MySQLDialect instead
2024-01-12T00:19:02.391+07:00  INFO 15288 --- [main] o.h.e.t.j.p.i.JtaPlatformInitiator       : HHH000489: No JTA platform available (set 'hibernate.transaction.jta.platform' to enable JTA platform integration)
2024-01-12T00:19:02.394+07:00  INFO 15288 --- [main] j.LocalContainerEntityManagerFactoryBean : Initialized JPA EntityManagerFactory for persistence unit 'default'
2024-01-12T00:19:02.629+07:00  WARN 15288 --- [main] JpaBaseConfiguration$JpaWebConfiguration : spring.jpa.open-in-view is enabled by default. Therefore, database queries may be performed during view rendering. Explicitly configure spring.jpa.open-in-view to disable this warning
2024-01-12T00:19:02.788+07:00  INFO 15288 --- [main] o.s.s.web.DefaultSecurityFilterChain     : Will secure any request with [org.springframework.security.web.session.DisableEncodeUrlFilter@287dde94, org.springframework.security.web.context.request.async.WebAsyncManagerIntegrationFilter@2f650dae, org.springframework.security.web.context.SecurityContextHolderFilter@6a1b4854, org.springframework.security.web.header.HeaderWriterFilter@4e23ddf0, org.springframework.security.web.authentication.logout.LogoutFilter@3f31cf8f, org.springframework.security.web.savedrequest.RequestCacheAwareFilter@7641c4e7, org.springframework.security.web.servletapi.SecurityContextHolderAwareRequestFilter@650a0b50, org.springframework.security.web.authentication.AnonymousAuthenticationFilter@4df8443f, org.springframework.security.web.session.SessionManagementFilter@5f0bf0ed, org.springframework.security.web.access.ExceptionTranslationFilter@3390621a, org.springframework.security.web.access.intercept.AuthorizationFilter@65029fc]
2024-01-12T00:19:02.932+07:00  INFO 15288 --- [main] o.s.b.w.embedded.tomcat.TomcatWebServer  : Tomcat started on port 9092 (http) with context path ''
2024-01-12T00:19:02.937+07:00  INFO 15288 --- [main] com.store.shoppy.ShoppyApplication       : Started ShoppyApplication in 2.973 seconds (process running for 3.36)
2024-01-12T00:20:03.903+07:00  INFO 15288 --- [http-nio-9092-exec-1] o.a.c.c.C.[Tomcat].[localhost].[/]       : Initializing Spring DispatcherServlet 'dispatcherServlet'
2024-01-12T00:20:03.903+07:00  INFO 15288 --- [http-nio-9092-exec-1] o.s.web.servlet.DispatcherServlet        : Initializing Servlet 'dispatcherServlet'
2024-01-12T00:20:03.904+07:00  INFO 15288 --- [http-nio-9092-exec-1] o.s.web.servlet.DispatcherServlet        : Completed initialization in 1 ms
2024-01-12T00:20:04.401+07:00  INFO 15288 --- [http-nio-9092-exec-1] c.s.s.l.s.CustomAuthenticationProvider   : Kiem tra: khang@gmail.com
2024-01-12T00:20:04.501+07:00  INFO 15288 --- [http-nio-9092-exec-1] c.s.s.a.user.controller.LoginController  : Response: BaseResponse(statusCode=200, msg=Login success, data=eyJhbGciOiJIUzI1NiJ9.eyJzdWIiOiJbe1wicm9sZVwiOlwiUk9MRV9BRE1JTlwifV0ifQ.NGvo92uQz6pk4KvaNkByyd06kZQGCGs3z053QR5KGME)
2024-01-12T00:20:08.409+07:00  INFO 15288 --- [http-nio-9092-exec-3] c.s.s.l.s.CustomAuthenticationProvider   : Kiem tra: khang@gmail.com
2024-01-12T00:20:08.410+07:00  INFO 15288 --- [http-nio-9092-exec-3] c.s.s.a.user.controller.LoginController  : Response: BaseResponse(statusCode=200, msg=Login success, data=eyJhbGciOiJIUzI1NiJ9.eyJzdWIiOiJbe1wicm9sZVwiOlwiUk9MRV9BRE1JTlwifV0ifQ.NGvo92uQz6pk4KvaNkByyd06kZQGCGs3z053QR5KGME)
2024-01-12T00:20:09.422+07:00  INFO 15288 --- [http-nio-9092-exec-4] c.s.s.l.s.CustomAuthenticationProvider   : Kiem tra: khang@gmail.com
2024-01-12T00:20:09.423+07:00  INFO 15288 --- [http-nio-9092-exec-4] c.s.s.a.user.controller.LoginController  : Response: BaseResponse(statusCode=200, msg=Login success, data=eyJhbGciOiJIUzI1NiJ9.eyJzdWIiOiJbe1wicm9sZVwiOlwiUk9MRV9BRE1JTlwifV0ifQ.NGvo92uQz6pk4KvaNkByyd06kZQGCGs3z053QR5KGME)
2024-01-12T00:20:10.602+07:00  INFO 15288 --- [http-nio-9092-exec-5] c.s.s.l.s.CustomAuthenticationProvider   : Kiem tra: khang@gmail.com
2024-01-12T00:20:10.603+07:00  INFO 15288 --- [http-nio-9092-exec-5] c.s.s.a.user.controller.LoginController  : Response: BaseResponse(statusCode=200, msg=Login success, data=eyJhbGciOiJIUzI1NiJ9.eyJzdWIiOiJbe1wicm9sZVwiOlwiUk9MRV9BRE1JTlwifV0ifQ.NGvo92uQz6pk4KvaNkByyd06kZQGCGs3z053QR5KGME)
2024-01-12T00:20:11.535+07:00  INFO 15288 --- [http-nio-9092-exec-6] c.s.s.l.s.CustomAuthenticationProvider   : Kiem tra: khang@gmail.com
2024-01-12T00:20:11.536+07:00  INFO 15288 --- [http-nio-9092-exec-6] c.s.s.a.user.controller.LoginController  : Response: BaseResponse(statusCode=200, msg=Login success, data=eyJhbGciOiJIUzI1NiJ9.eyJzdWIiOiJbe1wicm9sZVwiOlwiUk9MRV9BRE1JTlwifV0ifQ.NGvo92uQz6pk4KvaNkByyd06kZQGCGs3z053QR5KGME)
2024-01-12T00:20:12.556+07:00  INFO 15288 --- [http-nio-9092-exec-7] c.s.s.l.s.CustomAuthenticationProvider   : Kiem tra: khang@gmail.com
2024-01-12T00:20:12.557+07:00  INFO 15288 --- [http-nio-9092-exec-7] c.s.s.a.user.controller.LoginController  : Response: BaseResponse(statusCode=200, msg=Login success, data=eyJhbGciOiJIUzI1NiJ9.eyJzdWIiOiJbe1wicm9sZVwiOlwiUk9MRV9BRE1JTlwifV0ifQ.NGvo92uQz6pk4KvaNkByyd06kZQGCGs3z053QR5KGME)
2024-01-12T00:21:24.029+07:00  INFO 15288 --- [http-nio-9092-exec-10] c.s.s.l.s.CustomAuthenticationProvider   : Kiem tra: khang@gmail.com
2024-01-12T00:21:24.030+07:00  INFO 15288 --- [http-nio-9092-exec-10] c.s.s.a.user.controller.LoginController  : Response: BaseResponse(statusCode=200, msg=Login success, data=eyJhbGciOiJIUzI1NiJ9.eyJzdWIiOiJbe1wicm9sZVwiOlwiUk9MRV9BRE1JTlwifV0ifQ.NGvo92uQz6pk4KvaNkByyd06kZQGCGs3z053QR5KGME)
2024-01-12T00:48:45.026+07:00  INFO 15288 --- [SpringApplicationShutdownHook] j.LocalContainerEntityManagerFactoryBean : Closing JPA EntityManagerFactory for persistence unit 'default'
2024-01-12T00:48:45.035+07:00  INFO 15288 --- [SpringApplicationShutdownHook] com.zaxxer.hikari.HikariDataSource       : HikariPool-1 - Shutdown initiated...
2024-01-12T00:48:45.047+07:00  INFO 15288 --- [SpringApplicationShutdownHook] com.zaxxer.hikari.HikariDataSource       : HikariPool-1 - Shutdown completed.
2024-01-12T00:49:22.344+07:00  INFO 24824 --- [main] com.store.shoppy.ShoppyApplication       : Starting ShoppyApplication using Java 21.0.1 with PID 24824 (L:\Document4Study\Cybersoft\GroceryStore\Grocery-Store_WebApp\target\classes started by ADMIN in L:\Document4Study\Cybersoft\GroceryStore\Grocery-Store_WebApp)
2024-01-12T00:49:22.345+07:00  INFO 24824 --- [main] com.store.shoppy.ShoppyApplication       : No active profile set, falling back to 1 default profile: "default"
2024-01-12T00:49:22.877+07:00  INFO 24824 --- [main] .s.d.r.c.RepositoryConfigurationDelegate : Bootstrapping Spring Data JPA repositories in DEFAULT mode.
2024-01-12T00:49:22.920+07:00  INFO 24824 --- [main] .s.d.r.c.RepositoryConfigurationDelegate : Finished Spring Data repository scanning in 39 ms. Found 3 JPA repository interfaces.
2024-01-12T00:49:23.233+07:00  INFO 24824 --- [main] o.s.b.w.embedded.tomcat.TomcatWebServer  : Tomcat initialized with port 9092 (http)
2024-01-12T00:49:23.241+07:00  INFO 24824 --- [main] o.apache.catalina.core.StandardService   : Starting service [Tomcat]
2024-01-12T00:49:23.242+07:00  INFO 24824 --- [main] o.apache.catalina.core.StandardEngine    : Starting Servlet engine: [Apache Tomcat/10.1.17]
2024-01-12T00:49:23.277+07:00  INFO 24824 --- [main] o.a.c.c.C.[Tomcat].[localhost].[/]       : Initializing Spring embedded WebApplicationContext
2024-01-12T00:49:23.277+07:00  INFO 24824 --- [main] w.s.c.ServletWebServerApplicationContext : Root WebApplicationContext: initialization completed in 905 ms
2024-01-12T00:49:23.407+07:00  INFO 24824 --- [main] o.hibernate.jpa.internal.util.LogHelper  : HHH000204: Processing PersistenceUnitInfo [name: default]
2024-01-12T00:49:23.451+07:00  INFO 24824 --- [main] org.hibernate.Version                    : HHH000412: Hibernate ORM core version 6.4.1.Final
2024-01-12T00:49:23.475+07:00  INFO 24824 --- [main] o.h.c.internal.RegionFactoryInitiator    : HHH000026: Second-level cache disabled
2024-01-12T00:49:23.645+07:00  INFO 24824 --- [main] o.s.o.j.p.SpringPersistenceUnitInfo      : No LoadTimeWeaver setup: ignoring JPA class transformer
2024-01-12T00:49:23.664+07:00  INFO 24824 --- [main] com.zaxxer.hikari.HikariDataSource       : HikariPool-1 - Starting...
2024-01-12T00:49:23.932+07:00  INFO 24824 --- [main] com.zaxxer.hikari.pool.HikariPool        : HikariPool-1 - Added connection com.mysql.cj.jdbc.ConnectionImpl@3e9fb485
2024-01-12T00:49:23.933+07:00  INFO 24824 --- [main] com.zaxxer.hikari.HikariDataSource       : HikariPool-1 - Start completed.
2024-01-12T00:49:23.972+07:00  WARN 24824 --- [main] org.hibernate.orm.deprecation            : HHH90000025: MySQL8Dialect does not need to be specified explicitly using 'hibernate.dialect' (remove the property setting and it will be selected by default)
2024-01-12T00:49:23.973+07:00  WARN 24824 --- [main] org.hibernate.orm.deprecation            : HHH90000026: MySQL8Dialect has been deprecated; use org.hibernate.dialect.MySQLDialect instead
2024-01-12T00:49:24.654+07:00  INFO 24824 --- [main] o.h.e.t.j.p.i.JtaPlatformInitiator       : HHH000489: No JTA platform available (set 'hibernate.transaction.jta.platform' to enable JTA platform integration)
2024-01-12T00:49:24.656+07:00  INFO 24824 --- [main] j.LocalContainerEntityManagerFactoryBean : Initialized JPA EntityManagerFactory for persistence unit 'default'
2024-01-12T00:49:24.922+07:00  WARN 24824 --- [main] JpaBaseConfiguration$JpaWebConfiguration : spring.jpa.open-in-view is enabled by default. Therefore, database queries may be performed during view rendering. Explicitly configure spring.jpa.open-in-view to disable this warning
2024-01-12T00:49:25.084+07:00  INFO 24824 --- [main] o.s.s.web.DefaultSecurityFilterChain     : Will secure any request with [org.springframework.security.web.session.DisableEncodeUrlFilter@253c7189, org.springframework.security.web.context.request.async.WebAsyncManagerIntegrationFilter@cfe72b0, org.springframework.security.web.context.SecurityContextHolderFilter@5620470a, org.springframework.security.web.header.HeaderWriterFilter@3db3668, org.springframework.security.web.authentication.logout.LogoutFilter@623be2a0, org.springframework.security.web.savedrequest.RequestCacheAwareFilter@3368cf02, org.springframework.security.web.servletapi.SecurityContextHolderAwareRequestFilter@2e76ade9, org.springframework.security.web.authentication.AnonymousAuthenticationFilter@12f933c7, org.springframework.security.web.session.SessionManagementFilter@55f54852, org.springframework.security.web.access.ExceptionTranslationFilter@5dd62f07, org.springframework.security.web.access.intercept.AuthorizationFilter@6a087c72]
2024-01-12T00:49:25.229+07:00  INFO 24824 --- [main] o.s.b.w.embedded.tomcat.TomcatWebServer  : Tomcat started on port 9092 (http) with context path ''
2024-01-12T00:49:25.234+07:00  INFO 24824 --- [main] com.store.shoppy.ShoppyApplication       : Started ShoppyApplication in 3.16 seconds (process running for 3.941)
2024-01-12T00:49:27.270+07:00  INFO 24824 --- [SpringApplicationShutdownHook] j.LocalContainerEntityManagerFactoryBean : Closing JPA EntityManagerFactory for persistence unit 'default'
2024-01-12T00:49:27.272+07:00  INFO 24824 --- [SpringApplicationShutdownHook] com.zaxxer.hikari.HikariDataSource       : HikariPool-1 - Shutdown initiated...
2024-01-12T00:49:27.280+07:00  INFO 24824 --- [SpringApplicationShutdownHook] com.zaxxer.hikari.HikariDataSource       : HikariPool-1 - Shutdown completed.
